-------------------------------------------------------------------------------
Test set: tests.ArticleTests
-------------------------------------------------------------------------------
Tests run: 3, Failures: 0, Errors: 3, Skipped: 0, Time elapsed: 103.957 s <<< FAILURE! - in tests.ArticleTests
testFailAssertElementPresent(tests.ArticleTests)  Time elapsed: 44.976 s  <<< ERROR!
org.openqa.selenium.TimeoutException: 
Expected condition failed: Cannot find and click search result with substringbject-oriented programming language
 (tried for 10 second(s) with 500 milliseconds interval)
	at tests.ArticleTests.testFailAssertElementPresent(ArticleTests.java:58)
Caused by: org.openqa.selenium.NoSuchElementException: 
Cannot locate an element using By.xpath: //*[@resource-id='org.wikipedia:id/page_list_item_container']//*[@text='bject-oriented programming language']
For documentation on this error, please visit: http://seleniumhq.org/exceptions/no_such_element.html
Build info: version: '3.12.0', revision: '7c6e0b3', time: '2018-05-08T14:04:26.12Z'
System info: host: 'NB_', ip: '192.168.96.1', os.name: 'Windows 10', os.arch: 'amd64', os.version: '10.0', java.version: '1.8.0_281'
Driver info: driver.version: unknown
	at tests.ArticleTests.testFailAssertElementPresent(ArticleTests.java:58)

testCompareArticleTitle(tests.ArticleTests)  Time elapsed: 36.066 s  <<< ERROR!
org.openqa.selenium.TimeoutException: 
Expected condition failed: Cannot find and click search result with substringbject-oriented programming language
 (tried for 10 second(s) with 500 milliseconds interval)
	at tests.ArticleTests.testCompareArticleTitle(ArticleTests.java:21)
Caused by: org.openqa.selenium.NoSuchElementException: 
Cannot locate an element using By.xpath: //*[@resource-id='org.wikipedia:id/page_list_item_container']//*[@text='bject-oriented programming language']
For documentation on this error, please visit: http://seleniumhq.org/exceptions/no_such_element.html
Build info: version: '3.12.0', revision: '7c6e0b3', time: '2018-05-08T14:04:26.12Z'
System info: host: 'NB_', ip: '192.168.96.1', os.name: 'Windows 10', os.arch: 'amd64', os.version: '10.0', java.version: '1.8.0_281'
Driver info: driver.version: unknown
	at tests.ArticleTests.testCompareArticleTitle(ArticleTests.java:21)

testSwipeArticle(tests.ArticleTests)  Time elapsed: 22.459 s  <<< ERROR!
java.lang.NullPointerException
	at tests.ArticleTests.testSwipeArticle(ArticleTests.java:46)

