<?xml version="1.0" encoding="UTF-8"?>
<testsuite xmlns:xsi="http://www.w3.org/2001/XMLSchema-instance" xsi:noNamespaceSchemaLocation="https://maven.apache.org/surefire/maven-surefire-plugin/xsd/surefire-test-report.xsd" name="tests.SearchTests" time="1.008" tests="14" errors="14" skipped="0" failures="0">
  <properties>
[...]
</properties>
  <testcase name="testAmountOfNotEmptySearch" classname="tests.SearchTests" time="0.6">
    <error message="Cannot detect type of the Driver. Platform value: android " type="java.lang.Exception">java.lang.Exception: Cannot detect type of the Driver. Platform value: android 
</error>
  </testcase>
  <testcase name="testAmountOfNotEmptySearch" classname="tests.SearchTests" time="0.6">
    <error type="java.lang.NullPointerException">java.lang.NullPointerException
</error>
  </testcase>
  <testcase name="testAmountOfEmptySearch" classname="tests.SearchTests" time="0">
    <error message="Cannot detect type of the Driver. Platform value: android " type="java.lang.Exception">java.lang.Exception: Cannot detect type of the Driver. Platform value: android 
</error>
  </testcase>
  <testcase name="testAmountOfEmptySearch" classname="tests.SearchTests" time="0">
    <error type="java.lang.NullPointerException">java.lang.NullPointerException
</error>
  </testcase>
  <testcase name="testCancelSearch" classname="tests.SearchTests" time="0">
    <error message="Cannot detect type of the Driver. Platform value: android " type="java.lang.Exception">java.lang.Exception: Cannot detect type of the Driver. Platform value: android 
</error>
  </testcase>
  <testcase name="testCancelSearch" classname="tests.SearchTests" time="0">
    <error type="java.lang.NullPointerException">java.lang.NullPointerException
</error>
  </testcase>
  <testcase name="testSearchResultsAndClear" classname="tests.SearchTests" time="0">
    <error message="Cannot detect type of the Driver. Platform value: android " type="java.lang.Exception">java.lang.Exception: Cannot detect type of the Driver. Platform value: android 
</error>
  </testcase>
  <testcase name="testSearchResultsAndClear" classname="tests.SearchTests" time="0">
    <error type="java.lang.NullPointerException">java.lang.NullPointerException
</error>
  </testcase>
  <testcase name="testSearchResults" classname="tests.SearchTests" time="0">
    <error message="Cannot detect type of the Driver. Platform value: android " type="java.lang.Exception">java.lang.Exception: Cannot detect type of the Driver. Platform value: android 
</error>
  </testcase>
  <testcase name="testSearchResults" classname="tests.SearchTests" time="0">
    <error type="java.lang.NullPointerException">java.lang.NullPointerException
</error>
  </testcase>
  <testcase name="testForElementHasText" classname="tests.SearchTests" time="0">
    <error message="Cannot detect type of the Driver. Platform value: android " type="java.lang.Exception">java.lang.Exception: Cannot detect type of the Driver. Platform value: android 
</error>
  </testcase>
  <testcase name="testForElementHasText" classname="tests.SearchTests" time="0">
    <error type="java.lang.NullPointerException">java.lang.NullPointerException
</error>
  </testcase>
  <testcase name="testSearch" classname="tests.SearchTests" time="0">
    <error message="Cannot detect type of the Driver. Platform value: android " type="java.lang.Exception">java.lang.Exception: Cannot detect type of the Driver. Platform value: android 
</error>
  </testcase>
  <testcase name="testSearch" classname="tests.SearchTests" time="0">
    <error type="java.lang.NullPointerException">java.lang.NullPointerException
</error>
  </testcase>
</testsuite>